<?xml version="1.0" encoding="UTF-8"?>
<!-- Generated by org.testng.reporters.JUnitXMLReporter -->
<testsuite ignored="0" hostname="Faizan-PC" failures="2" tests="6" name="Test" time="25.456" errors="0" timestamp="2025-04-16T23:36:39 IST">
  <testcase classname="pageObjectstestCases.RegistrationTest" name="PlaceHoldersVerification" time="0.517">
    <failure type="java.lang.AssertionError" message="expected [input-firstname] but found [null]">
      <![CDATA[java.lang.AssertionError: expected [input-firstname] but found [null]
at pageObjectstestCases.RegistrationTest.PlaceHoldersVerification(RegistrationTest.java:121)
at java.base/java.util.ArrayList.forEach(ArrayList.java:1511)
... Removed 33 stack frames]]>
    </failure>
  </testcase> <!-- PlaceHoldersVerification -->
  <testcase classname="pageObjectstestCases.RegistrationTest" name="RegistaringAccountWithNewsLetterEnabled" time="1.433"/>
  <testcase classname="pageObjectstestCases.RegistrationTest" name="RegistaringAccountWithValidData" time="1.39"/>
  <testcase classname="pageObjectstestCases.RegistrationTest" name="ShouldNotRegisterWithInValidEmail" time="0.75"/>
  <testcase classname="pageObjectstestCases.RegistrationTest" name="ShouldNotRegisterWithKeyboardKeys" time="10.816">
    <failure type="org.openqa.selenium.TimeoutException" message="Expected condition failed: waiting for text (&amp;apos;First Name&amp;apos;) to be present in element [[ChromeDriver: chrome on windows (a7e18d76d45ae60d4d8b9671c1f785e3)] -&amp;gt; xpath: //fieldset[1]//div[1]//div[1]//div[1]] (tried for 10 second(s) with 500 milliseconds interval)
Build info: version: &amp;apos;4.29.0&amp;apos;, revision: &amp;apos;5fc1ec94cb&amp;apos;
System info: os.name: &amp;apos;Windows 11&amp;apos;, os.arch: &amp;apos;amd64&amp;apos;, os.version: &amp;apos;10.0&amp;apos;, java.version: &amp;apos;17.0.10&amp;apos;
Driver info: org.openqa.selenium.chrome.ChromeDriver
Capabilities {acceptInsecureCerts: false, browserName: chrome, browserVersion: 133.0.6943.99, chrome: {chromedriverVersion: 133.0.6943.141 (2a5d6da0d61..., userDataDir: C:\Users\user\AppData\Local...}, fedcm:accounts: true, goog:chromeOptions: {debuggerAddress: localhost:55658}, networkConnectionEnabled: false, pageLoadStrategy: normal, platformName: windows, proxy: Proxy(), se:cdp: ws://localhost:55658/devtoo..., se:cdpVersion: 133.0.6943.99, setWindowRect: true, strictFileInteractability: false, timeouts: {implicit: 0, pageLoad: 300000, script: 30000}, unhandledPromptBehavior: dismiss and notify, webauthn:extension:credBlob: true, webauthn:extension:largeBlob: true, webauthn:extension:minPinLength: true, webauthn:extension:prf: true, webauthn:virtualAuthenticators: true}
Session ID: a7e18d76d45ae60d4d8b9671c1f785e3">
      <![CDATA[org.openqa.selenium.TimeoutException: Expected condition failed: waiting for text ('First Name') to be present in element [[ChromeDriver: chrome on windows (a7e18d76d45ae60d4d8b9671c1f785e3)] -> xpath: //fieldset[1]//div[1]//div[1]//div[1]] (tried for 10 second(s) with 500 milliseconds interval)
Build info: version: '4.29.0', revision: '5fc1ec94cb'
System info: os.name: 'Windows 11', os.arch: 'amd64', os.version: '10.0', java.version: '17.0.10'
Driver info: org.openqa.selenium.chrome.ChromeDriver
Capabilities {acceptInsecureCerts: false, browserName: chrome, browserVersion: 133.0.6943.99, chrome: {chromedriverVersion: 133.0.6943.141 (2a5d6da0d61..., userDataDir: C:\Users\user\AppData\Local...}, fedcm:accounts: true, goog:chromeOptions: {debuggerAddress: localhost:55658}, networkConnectionEnabled: false, pageLoadStrategy: normal, platformName: windows, proxy: Proxy(), se:cdp: ws://localhost:55658/devtoo..., se:cdpVersion: 133.0.6943.99, setWindowRect: true, strictFileInteractability: false, timeouts: {implicit: 0, pageLoad: 300000, script: 30000}, unhandledPromptBehavior: dismiss and notify, webauthn:extension:credBlob: true, webauthn:extension:largeBlob: true, webauthn:extension:minPinLength: true, webauthn:extension:prf: true, webauthn:virtualAuthenticators: true}
Session ID: a7e18d76d45ae60d4d8b9671c1f785e3
at org.openqa.selenium.support.ui.WebDriverWait.timeoutException(WebDriverWait.java:84)
at org.openqa.selenium.support.ui.FluentWait.until(FluentWait.java:228)
at pageObjects.registerPage.FnameErrorMessage(registerPage.java:121)
at pageObjectstestCases.RegistrationTest.ShouldNotRegisterWithKeyboardKeys(RegistrationTest.java:94)
at java.base/java.util.ArrayList.forEach(ArrayList.java:1511)
... Removed 27 stack frames]]>
    </failure>
  </testcase> <!-- ShouldNotRegisterWithKeyboardKeys -->
  <testcase classname="pageObjectstestCases.RegistrationTest" name="ValidatingByRegisteringExistingAccount" time="0.945"/>
</testsuite> <!-- Test -->
