<!DOCTYPE html PUBLIC "-//W3C//DTD XHTML 1.1//EN" "https://www.w3.org/TR/xhtml11/DTD/xhtml11.dtd">
<html xmlns="https://www.w3.org/1999/xhtml">
<head>
<meta http-equiv="content-type" content="text/html; charset=UTF-8"/>
<title>TestNG Report</title>
<style type="text/css">table {margin-bottom:10px;border-collapse:collapse;empty-cells:show}th,td {border:1px solid #009;padding:.25em .5em}th {vertical-align:bottom}td {vertical-align:top}table a {font-weight:bold}.stripe td {background-color: #E6EBF9}.num {text-align:right}.passedodd td {background-color: #3F3}.passedeven td {background-color: #0A0}.skippedodd td {background-color: #DDD}.skippedeven td {background-color: #CCC}.failedodd td,.attn {background-color: #F33}.failedeven td,.stripe .attn {background-color: #D00}.stacktrace {white-space:pre;font-family:monospace}.totop {font-size:85%;text-align:center;border-bottom:2px solid #000}.invisible {display:none}</style>
</head>
<body>
<table>
<tr><th>Test</th><th># Passed</th><th># Skipped</th><th># Retried</th><th># Failed</th><th>Time (ms)</th><th>Included Groups</th><th>Excluded Groups</th></tr>
<tr><th colspan="8">Suite</th></tr>
<tr><td><a href="#t0">Test</a></td><td class="num">4</td><td class="num">0</td><td class="num">0</td><td class="num attn">2</td><td class="num">25,456</td><td></td><td></td></tr>
</table>
<table id='summary'><thead><tr><th>Class</th><th>Method</th><th>Start</th><th>Time (ms)</th></tr></thead><tbody><tr><th colspan="4">Suite</th></tr></tbody><tbody id="t0"><tr><th colspan="4">Test &#8212; failed</th></tr><tr class="failedeven"><td rowspan="2">pageObjectstestCases.RegistrationTest</td><td><a href="#m0">PlaceHoldersVerification</a></td><td rowspan="1">1744826775677</td><td rowspan="1">517</td></tr><tr class="failedeven"><td><a href="#m1">ShouldNotRegisterWithKeyboardKeys</a></td><td rowspan="1">1744826785887</td><td rowspan="1">10816</td></tr><tr><th colspan="4">Test &#8212; passed</th></tr><tr class="passedeven"><td rowspan="4">pageObjectstestCases.RegistrationTest</td><td><a href="#m2">RegistaringAccountWithNewsLetterEnabled</a></td><td rowspan="1">1744826777574</td><td rowspan="1">1433</td></tr><tr class="passedeven"><td><a href="#m3">RegistaringAccountWithValidData</a></td><td rowspan="1">1744826780403</td><td rowspan="1">1390</td></tr><tr class="passedeven"><td><a href="#m4">ShouldNotRegisterWithInValidEmail</a></td><td rowspan="1">1744826783600</td><td rowspan="1">750</td></tr><tr class="passedeven"><td><a href="#m5">ValidatingByRegisteringExistingAccount</a></td><td rowspan="1">1744826798139</td><td rowspan="1">945</td></tr></tbody>
</table>
<h2>Test</h2><h3 id="m0">pageObjectstestCases.RegistrationTest#PlaceHoldersVerification</h3><table class="result"><tr><th>Exception</th></tr><tr><td><div class="stacktrace">java.lang.AssertionError: expected [input-firstname] but found [null]
	at pageObjectstestCases.RegistrationTest.PlaceHoldersVerification(RegistrationTest.java:121)
	at java.base/java.util.ArrayList.forEach(ArrayList.java:1511)
... Removed 33 stack frames</div></td></tr></table><p class="totop"><a href="#summary">back to summary</a></p>
<h3 id="m1">pageObjectstestCases.RegistrationTest#ShouldNotRegisterWithKeyboardKeys</h3><table class="result"><tr><th>Exception</th></tr><tr><td><div class="stacktrace">org.openqa.selenium.TimeoutException: Expected condition failed: waiting for text (&apos;First Name&apos;) to be present in element [[ChromeDriver: chrome on windows (a7e18d76d45ae60d4d8b9671c1f785e3)] -&gt; xpath: //fieldset[1]//div[1]//div[1]//div[1]] (tried for 10 second(s) with 500 milliseconds interval)
Build info: version: &apos;4.29.0&apos;, revision: &apos;5fc1ec94cb&apos;
System info: os.name: &apos;Windows 11&apos;, os.arch: &apos;amd64&apos;, os.version: &apos;10.0&apos;, java.version: &apos;17.0.10&apos;
Driver info: org.openqa.selenium.chrome.ChromeDriver
Capabilities {acceptInsecureCerts: false, browserName: chrome, browserVersion: 133.0.6943.99, chrome: {chromedriverVersion: 133.0.6943.141 (2a5d6da0d61..., userDataDir: C:\Users\user\AppData\Local...}, fedcm:accounts: true, goog:chromeOptions: {debuggerAddress: localhost:55658}, networkConnectionEnabled: false, pageLoadStrategy: normal, platformName: windows, proxy: Proxy(), se:cdp: ws://localhost:55658/devtoo..., se:cdpVersion: 133.0.6943.99, setWindowRect: true, strictFileInteractability: false, timeouts: {implicit: 0, pageLoad: 300000, script: 30000}, unhandledPromptBehavior: dismiss and notify, webauthn:extension:credBlob: true, webauthn:extension:largeBlob: true, webauthn:extension:minPinLength: true, webauthn:extension:prf: true, webauthn:virtualAuthenticators: true}
Session ID: a7e18d76d45ae60d4d8b9671c1f785e3
	at org.openqa.selenium.support.ui.WebDriverWait.timeoutException(WebDriverWait.java:84)
	at org.openqa.selenium.support.ui.FluentWait.until(FluentWait.java:228)
	at pageObjects.registerPage.FnameErrorMessage(registerPage.java:121)
	at pageObjectstestCases.RegistrationTest.ShouldNotRegisterWithKeyboardKeys(RegistrationTest.java:94)
	at java.base/java.util.ArrayList.forEach(ArrayList.java:1511)
... Removed 27 stack frames</div></td></tr></table><p class="totop"><a href="#summary">back to summary</a></p>
<h3 id="m2">pageObjectstestCases.RegistrationTest#RegistaringAccountWithNewsLetterEnabled</h3><table class="result"><tr><th class="invisible"/></tr></table><p class="totop"><a href="#summary">back to summary</a></p>
<h3 id="m3">pageObjectstestCases.RegistrationTest#RegistaringAccountWithValidData</h3><table class="result"><tr><th class="invisible"/></tr></table><p class="totop"><a href="#summary">back to summary</a></p>
<h3 id="m4">pageObjectstestCases.RegistrationTest#ShouldNotRegisterWithInValidEmail</h3><table class="result"><tr><th class="invisible"/></tr></table><p class="totop"><a href="#summary">back to summary</a></p>
<h3 id="m5">pageObjectstestCases.RegistrationTest#ValidatingByRegisteringExistingAccount</h3><table class="result"><tr><th class="invisible"/></tr></table><p class="totop"><a href="#summary">back to summary</a></p>
</body>
</html>
